[0327/182844.370:ERROR:process_memory_win.cc(73)] ReadMemory at 0x7ff722940000 of 64 bytes failed: Only part of a ReadProcessMemory or WriteProcessMemory request was completed. (0x12B)
[0327/182844.404:WARNING:pe_image_reader.cc(340)] could not read dos header from C:\Program Files (x86)\Google\Chrome\Application\chrome.exe
[0327/182844.405:ERROR:process_memory_win.cc(73)] ReadMemory at 0x7ffeb2420000 of 64 bytes failed: Only part of a ReadProcessMemory or WriteProcessMemory request was completed. (0x12B)
[0327/182844.405:WARNING:pe_image_reader.cc(340)] could not read dos header from C:\WINDOWS\SYSTEM32\ntdll.dll
[0327/182844.405:ERROR:process_memory_win.cc(73)] ReadMemory at 0x7ffeb1ce0000 of 64 bytes failed: Only part of a ReadProcessMemory or WriteProcessMemory request was completed. (0x12B)
[0327/182844.412:WARNING:pe_image_reader.cc(340)] could not read dos header from C:\WINDOWS\System32\KERNEL32.DLL
[0327/182844.412:ERROR:process_memory_win.cc(73)] ReadMemory at 0x7ffeae9f0000 of 64 bytes failed: Only part of a ReadProcessMemory or WriteProcessMemory request was completed. (0x12B)
[0327/182844.412:WARNING:pe_image_reader.cc(340)] could not read dos header from C:\WINDOWS\System32\KERNELBASE.dll
[0327/182844.413:ERROR:process_memory_win.cc(73)] ReadMemory at 0x7ffeac860000 of 64 bytes failed: Only part of a ReadProcessMemory or WriteProcessMemory request was completed. (0x12B)
[0327/182844.413:WARNING:pe_image_reader.cc(340)] could not read dos header from C:\WINDOWS\SYSTEM32\apphelp.dll
[0327/182844.413:ERROR:process_memory_win.cc(73)] ReadMemory at 0x7ffeafd10000 of 64 bytes failed: Only part of a ReadProcessMemory or WriteProcessMemory request was completed. (0x12B)
[0327/182844.413:WARNING:pe_image_reader.cc(340)] could not read dos header from C:\WINDOWS\System32\SHELL32.dll
[0327/182844.413:ERROR:process_memory_win.cc(73)] ReadMemory at 0x7ffeb2350000 of 64 bytes failed: Only part of a ReadProcessMemory or WriteProcessMemory request was completed. (0x12B)
[0327/182844.413:WARNING:pe_image_reader.cc(340)] could not read dos header from C:\WINDOWS\System32\msvcrt.dll
[0327/182844.413:ERROR:process_memory_win.cc(73)] ReadMemory at 0x7ffeae7f0000 of 64 bytes failed: Only part of a ReadProcessMemory or WriteProcessMemory request was completed. (0x12B)
[0327/182844.414:WARNING:pe_image_reader.cc(340)] could not read dos header from C:\WINDOWS\System32\cfgmgr32.dll
[0327/182844.414:ERROR:process_memory_win.cc(73)] ReadMemory at 0x7ffeae840000 of 64 bytes failed: Only part of a ReadProcessMemory or WriteProcessMemory request was completed. (0x12B)
[0327/182844.414:WARNING:pe_image_reader.cc(340)] could not read dos header from C:\WINDOWS\System32\ucrtbase.dll
[0327/182844.414:ERROR:process_memory_win.cc(73)] ReadMemory at 0x7ffeb1e10000 of 64 bytes failed: Only part of a ReadProcessMemory or WriteProcessMemory request was completed. (0x12B)
[0327/182844.414:WARNING:pe_image_reader.cc(340)] could not read dos header from C:\WINDOWS\System32\shcore.dll
[0327/182844.414:ERROR:process_memory_win.cc(73)] ReadMemory at 0x7ffeb1b10000 of 64 bytes failed: Only part of a ReadProcessMemory or WriteProcessMemory request was completed. (0x12B)
[0327/182844.414:WARNING:pe_image_reader.cc(340)] could not read dos header from C:\WINDOWS\System32\RPCRT4.dll
[0327/182844.414:ERROR:process_memory_win.cc(73)] ReadMemory at 0x7ffeb1230000 of 64 bytes failed: Only part of a ReadProcessMemory or WriteProcessMemory request was completed. (0x12B)
[0327/182844.415:WARNING:pe_image_reader.cc(340)] could not read dos header from C:\WINDOWS\System32\combase.dll
[0327/182844.415:ERROR:process_memory_win.cc(73)] ReadMemory at 0x7ffeaed10000 of 64 bytes failed: Only part of a ReadProcessMemory or WriteProcessMemory request was completed. (0x12B)
[0327/182844.415:WARNING:pe_image_reader.cc(340)] could not read dos header from C:\WINDOWS\System32\bcryptPrimitives.dll
[0327/182844.415:ERROR:process_memory_win.cc(73)] ReadMemory at 0x7ffeaee10000 of 64 bytes failed: Only part of a ReadProcessMemory or WriteProcessMemory request was completed. (0x12B)
[0327/182844.415:WARNING:pe_image_reader.cc(340)] could not read dos header from C:\WINDOWS\System32\windows.storage.dll
[0327/182844.415:ERROR:process_memory_win.cc(73)] ReadMemory at 0x7ffeafc30000 of 64 bytes failed: Only part of a ReadProcessMemory or WriteProcessMemory request was completed. (0x12B)
[0327/182844.416:WARNING:pe_image_reader.cc(340)] could not read dos header from C:\WINDOWS\System32\advapi32.dll
[0327/182844.416:ERROR:process_memory_win.cc(73)] ReadMemory at 0x7ffeb1150000 of 64 bytes failed: Only part of a ReadProcessMemory or WriteProcessMemory request was completed. (0x12B)
[0327/182844.416:WARNING:pe_image_reader.cc(340)] could not read dos header from C:\WINDOWS\System32\sechost.dll
[0327/182844.416:ERROR:process_memory_win.cc(73)] ReadMemory at 0x7ffeaf8b0000 of 64 bytes failed: Only part of a ReadProcessMemory or WriteProcessMemory request was completed. (0x12B)
[0327/182844.416:WARNING:pe_image_reader.cc(340)] could not read dos header from C:\WINDOWS\System32\shlwapi.dll
[0327/182844.416:ERROR:process_memory_win.cc(73)] ReadMemory at 0x7ffeb1ae0000 of 64 bytes failed: Only part of a ReadProcessMemory or WriteProcessMemory request was completed. (0x12B)
[0327/182844.416:WARNING:pe_image_reader.cc(340)] could not read dos header from C:\WINDOWS\System32\GDI32.dll
[0327/182844.417:ERROR:process_memory_win.cc(73)] ReadMemory at 0x7ffeaf520000 of 64 bytes failed: Only part of a ReadProcessMemory or WriteProcessMemory request was completed. (0x12B)
[0327/182844.417:WARNING:pe_image_reader.cc(340)] could not read dos header from C:\WINDOWS\System32\gdi32full.dll
[0327/182844.417:ERROR:process_memory_win.cc(73)] ReadMemory at 0x7ffeaec70000 of 64 bytes failed: Only part of a ReadProcessMemory or WriteProcessMemory request was completed. (0x12B)
[0327/182844.417:WARNING:pe_image_reader.cc(340)] could not read dos header from C:\WINDOWS\System32\msvcp_win.dll
[0327/182844.417:ERROR:process_memory_win.cc(73)] ReadMemory at 0x7ffeb1700000 of 64 bytes failed: Only part of a ReadProcessMemory or WriteProcessMemory request was completed. (0x12B)
[0327/182844.417:WARNING:pe_image_reader.cc(340)] could not read dos header from C:\WINDOWS\System32\USER32.dll
[0327/182844.417:ERROR:process_memory_win.cc(73)] ReadMemory at 0x7ffeaedf0000 of 64 bytes failed: Only part of a ReadProcessMemory or WriteProcessMemory request was completed. (0x12B)
[0327/182844.417:WARNING:pe_image_reader.cc(340)] could not read dos header from C:\WINDOWS\System32\win32u.dll
[0327/182844.418:ERROR:process_memory_win.cc(73)] ReadMemory at 0x7ffeae7d0000 of 64 bytes failed: Only part of a ReadProcessMemory or WriteProcessMemory request was completed. (0x12B)
[0327/182844.418:WARNING:pe_image_reader.cc(340)] could not read dos header from C:\WINDOWS\System32\kernel.appcore.dll
[0327/182844.418:ERROR:process_memory_win.cc(73)] ReadMemory at 0x7ffeae730000 of 64 bytes failed: Only part of a ReadProcessMemory or WriteProcessMemory request was completed. (0x12B)
[0327/182844.418:WARNING:pe_image_reader.cc(340)] could not read dos header from C:\WINDOWS\System32\profapi.dll
[0327/182844.418:ERROR:process_memory_win.cc(73)] ReadMemory at 0x7ffeae760000 of 64 bytes failed: Only part of a ReadProcessMemory or WriteProcessMemory request was completed. (0x12B)
[0327/182844.418:WARNING:pe_image_reader.cc(340)] could not read dos header from C:\WINDOWS\System32\powrprof.dll
[0327/182844.419:ERROR:process_memory_win.cc(73)] ReadMemory at 0x7ffeae750000 of 64 bytes failed: Only part of a ReadProcessMemory or WriteProcessMemory request was completed. (0x12B)
[0327/182844.419:WARNING:pe_image_reader.cc(340)] could not read dos header from C:\WINDOWS\System32\FLTLIB.DLL
[0327/182844.419:ERROR:process_memory_win.cc(73)] ReadMemory at 0x7ffe84410000 of 64 bytes failed: Only part of a ReadProcessMemory or WriteProcessMemory request was completed. (0x12B)
[0327/182844.419:WARNING:pe_image_reader.cc(340)] could not read dos header from C:\Program Files (x86)\Google\Chrome\Application\73.0.3683.86\chrome_elf.dll
[0327/182844.419:ERROR:process_memory_win.cc(73)] ReadMemory at 0x7ffeaab70000 of 64 bytes failed: Only part of a ReadProcessMemory or WriteProcessMemory request was completed. (0x12B)
[0327/182844.420:WARNING:pe_image_reader.cc(340)] could not read dos header from C:\WINDOWS\SYSTEM32\VERSION.dll
[0327/182844.420:ERROR:process_memory_win.cc(73)] ReadMemory at 0x7ffeac170000 of 64 bytes failed: Only part of a ReadProcessMemory or WriteProcessMemory request was completed. (0x12B)
[0327/182844.420:WARNING:pe_image_reader.cc(340)] could not read dos header from C:\WINDOWS\SYSTEM32\WINMM.dll
[0327/182844.420:ERROR:process_memory_win.cc(73)] ReadMemory at 0x7ffeae660000 of 64 bytes failed: Only part of a ReadProcessMemory or WriteProcessMemory request was completed. (0x12B)
[0327/182844.420:WARNING:pe_image_reader.cc(340)] could not read dos header from C:\WINDOWS\SYSTEM32\USERENV.dll
[0327/182844.420:ERROR:process_memory_win.cc(73)] ReadMemory at 0x7ffeabfa0000 of 64 bytes failed: Only part of a ReadProcessMemory or WriteProcessMemory request was completed. (0x12B)
[0327/182844.421:WARNING:pe_image_reader.cc(340)] could not read dos header from C:\WINDOWS\SYSTEM32\WINMMBASE.dll
[0327/182844.421:ERROR:process_memory_win.cc(73)] ReadMemory at 0x7ffeae120000 of 64 bytes failed: Only part of a ReadProcessMemory or WriteProcessMemory request was completed. (0x12B)
[0327/182844.421:WARNING:pe_image_reader.cc(340)] could not read dos header from C:\WINDOWS\SYSTEM32\CRYPTBASE.DLL
[0327/182844.421:ERROR:process_memory_win.cc(73)] ReadMemory at 0x7ffeb2310000 of 64 bytes failed: Only part of a ReadProcessMemory or WriteProcessMemory request was completed. (0x12B)
[0327/182844.421:WARNING:pe_image_reader.cc(340)] could not read dos header from C:\WINDOWS\System32\IMM32.DLL
[0327/182844.422:ERROR:process_memory_win.cc(73)] ReadMemory at 0x7ffe6d3d0000 of 64 bytes failed: Only part of a ReadProcessMemory or WriteProcessMemory request was completed. (0x12B)
[0327/182844.422:WARNING:pe_image_reader.cc(340)] could not read dos header from C:\Program Files (x86)\Google\Chrome\Application\73.0.3683.86\chrome_child.dll
[0327/182844.422:ERROR:process_memory_win.cc(73)] ReadMemory at 0x7ffeb18f0000 of 64 bytes failed: Only part of a ReadProcessMemory or WriteProcessMemory request was completed. (0x12B)
[0327/182844.422:WARNING:pe_image_reader.cc(340)] could not read dos header from C:\WINDOWS\System32\WS2_32.dll
[0327/182844.422:ERROR:process_memory_win.cc(73)] ReadMemory at 0x7ffeafad0000 of 64 bytes failed: Only part of a ReadProcessMemory or WriteProcessMemory request was completed. (0x12B)
[0327/182844.423:WARNING:pe_image_reader.cc(340)] could not read dos header from C:\WINDOWS\System32\ole32.dll
[0327/182844.423:ERROR:process_memory_win.cc(73)] ReadMemory at 0x7ffeaf910000 of 64 bytes failed: Only part of a ReadProcessMemory or WriteProcessMemory request was completed. (0x12B)
[0327/182844.423:WARNING:pe_image_reader.cc(340)] could not read dos header from C:\WINDOWS\System32\OLEAUT32.dll
[0327/182844.423:ERROR:process_memory_win.cc(73)] ReadMemory at 0x7ffeaed90000 of 64 bytes failed: Only part of a ReadProcessMemory or WriteProcessMemory request was completed. (0x12B)
[0327/182844.423:WARNING:pe_image_reader.cc(340)] could not read dos header from C:\WINDOWS\System32\WINTRUST.dll
[0327/182844.424:ERROR:process_memory_win.cc(73)] ReadMemory at 0x7ffeae7b0000 of 64 bytes failed: Only part of a ReadProcessMemory or WriteProcessMemory request was completed. (0x12B)
[0327/182844.424:WARNING:pe_image_reader.cc(340)] could not read dos header from C:\WINDOWS\System32\MSASN1.dll
[0327/182844.424:ERROR:process_memory_win.cc(73)] ReadMemory at 0x7ffeaf6c0000 of 64 bytes failed: Only part of a ReadProcessMemory or WriteProcessMemory request was completed. (0x12B)
[0327/182844.424:WARNING:pe_image_reader.cc(340)] could not read dos header from C:\WINDOWS\System32\CRYPT32.dll
[0327/182844.424:ERROR:process_memory_win.cc(73)] ReadMemory at 0x7ffeaf9e0000 of 64 bytes failed: Only part of a ReadProcessMemory or WriteProcessMemory request was completed. (0x12B)
[0327/182844.424:WARNING:pe_image_reader.cc(340)] could not read dos header from C:\WINDOWS\System32\COMDLG32.dll
[0327/182844.424:ERROR:process_memory_win.cc(73)] ReadMemory at 0x7ffeadcd0000 of 64 bytes failed: Only part of a ReadProcessMemory or WriteProcessMemory request was completed. (0x12B)
[0327/182844.425:WARNING:pe_image_reader.cc(340)] could not read dos header from C:\WINDOWS\SYSTEM32\IPHLPAPI.DLL
[0327/182844.425:ERROR:process_memory_win.cc(73)] ReadMemory at 0x7ffe955c0000 of 64 bytes failed: Only part of a ReadProcessMemory or WriteProcessMemory request was completed. (0x12B)
[0327/182844.425:WARNING:pe_image_reader.cc(340)] could not read dos header from C:\WINDOWS\SYSTEM32\OLEACC.dll
[0327/182844.425:ERROR:process_memory_win.cc(73)] ReadMemory at 0x7ffe9c380000 of 64 bytes failed: Only part of a ReadProcessMemory or WriteProcessMemory request was completed. (0x12B)
[0327/182844.425:WARNING:pe_image_reader.cc(340)] could not read dos header from C:\WINDOWS\SYSTEM32\DWrite.dll
[0327/182844.425:ERROR:process_memory_win.cc(73)] ReadMemory at 0x7ffead4f0000 of 64 bytes failed: Only part of a ReadProcessMemory or WriteProcessMemory request was completed. (0x12B)
[0327/182844.425:WARNING:pe_image_reader.cc(340)] could not read dos header from C:\WINDOWS\SYSTEM32\dxgi.dll
[0327/182844.426:ERROR:process_memory_win.cc(73)] ReadMemory at 0x7ffe9c6a0000 of 64 bytes failed: Only part of a ReadProcessMemory or WriteProcessMemory request was completed. (0x12B)
[0327/182844.426:WARNING:pe_image_reader.cc(340)] could not read dos header from C:\WINDOWS\SYSTEM32\WINSPOOL.DRV
[0327/182844.426:ERROR:process_memory_win.cc(73)] ReadMemory at 0x7ffead2b0000 of 64 bytes failed: Only part of a ReadProcessMemory or WriteProcessMemory request was completed. (0x12B)
[0327/182844.426:WARNING:pe_image_reader.cc(340)] could not read dos header from C:\WINDOWS\SYSTEM32\dbghelp.dll
[0327/182844.426:ERROR:process_memory_win.cc(73)] ReadMemory at 0x7ffe9a240000 of 64 bytes failed: Only part of a ReadProcessMemory or WriteProcessMemory request was completed. (0x12B)
[0327/182844.426:WARNING:pe_image_reader.cc(340)] could not read dos header from C:\WINDOWS\SYSTEM32\USP10.dll
[0327/182844.427:ERROR:process_memory_win.cc(73)] ReadMemory at 0x7ffe9f160000 of 64 bytes failed: Only part of a ReadProcessMemory or WriteProcessMemory request was completed. (0x12B)
[0327/182844.427:WARNING:pe_image_reader.cc(340)] could not read dos header from C:\WINDOWS\WinSxS\amd64_microsoft.windows.common-controls_6595b64144ccf1df_6.0.17134.648_none_fb45a0e93062a6d2\COMCTL32.dll
[0327/182844.427:ERROR:process_memory_win.cc(73)] ReadMemory at 0x7ffea4a10000 of 64 bytes failed: Only part of a ReadProcessMemory or WriteProcessMemory request was completed. (0x12B)
[0327/182844.427:WARNING:pe_image_reader.cc(340)] could not read dos header from C:\WINDOWS\SYSTEM32\WINHTTP.dll
[0327/182844.427:ERROR:process_memory_win.cc(73)] ReadMemory at 0x7ffea2c90000 of 64 bytes failed: Only part of a ReadProcessMemory or WriteProcessMemory request was completed. (0x12B)
[0327/182844.428:WARNING:pe_image_reader.cc(340)] could not read dos header from C:\WINDOWS\SYSTEM32\urlmon.dll
[0327/182844.428:ERROR:process_memory_win.cc(73)] ReadMemory at 0x7ffea4e10000 of 64 bytes failed: Only part of a ReadProcessMemory or WriteProcessMemory request was completed. (0x12B)
[0327/182844.428:WARNING:pe_image_reader.cc(340)] could not read dos header from C:\WINDOWS\SYSTEM32\Secur32.dll
[0327/182844.428:ERROR:process_memory_win.cc(73)] ReadMemory at 0x7ffea8de0000 of 64 bytes failed: Only part of a ReadProcessMemory or WriteProcessMemory request was completed. (0x12B)
[0327/182844.429:WARNING:pe_image_reader.cc(340)] could not read dos header from C:\WINDOWS\SYSTEM32\dhcpcsvc.DLL
[0327/182844.429:ERROR:process_memory_win.cc(73)] ReadMemory at 0x19d801d0000 of 64 bytes failed: Only part of a ReadProcessMemory or WriteProcessMemory request was completed. (0x12B)
[0327/182844.429:WARNING:pe_image_reader.cc(340)] could not read dos header from C:\WINDOWS\System32\NSI.dll
[0327/182844.429:ERROR:process_memory_win.cc(73)] ReadMemory at 0x7ffeaab80000 of 64 bytes failed: Only part of a ReadProcessMemory or WriteProcessMemory request was completed. (0x12B)
[0327/182844.429:WARNING:pe_image_reader.cc(340)] could not read dos header from C:\WINDOWS\SYSTEM32\PROPSYS.dll
[0327/182844.430:ERROR:process_memory_win.cc(73)] ReadMemory at 0x7ffeae230000 of 64 bytes failed: Only part of a ReadProcessMemory or WriteProcessMemory request was completed. (0x12B)
[0327/182844.430:WARNING:pe_image_reader.cc(340)] could not read dos header from C:\WINDOWS\SYSTEM32\bcrypt.dll
[0327/182844.430:ERROR:process_memory_win.cc(73)] ReadMemory at 0x7ffea3620000 of 64 bytes failed: Only part of a ReadProcessMemory or WriteProcessMemory request was completed. (0x12B)
[0327/182844.430:WARNING:pe_image_reader.cc(340)] could not read dos header from C:\WINDOWS\SYSTEM32\iertutil.dll
[0327/182844.430:ERROR:process_memory_win.cc(73)] ReadMemory at 0x7ffeae630000 of 64 bytes failed: Only part of a ReadProcessMemory or WriteProcessMemory request was completed. (0x12B)
[0327/182844.430:WARNING:pe_image_reader.cc(340)] could not read dos header from C:\WINDOWS\SYSTEM32\SSPICLI.DLL
[0327/182844.430:ERROR:process_memory_win.cc(73)] ReadMemory at 0x7ffeb1ec0000 of 64 bytes failed: Only part of a ReadProcessMemory or WriteProcessMemory request was completed. (0x12B)
[0327/182844.430:WARNING:pe_image_reader.cc(340)] could not read dos header from C:\WINDOWS\System32\SETUPAPI.dll
[0327/182844.430:ERROR:process_memory_win.cc(73)] ReadMemory at 0x7ffeae500000 of 64 bytes failed: Only part of a ReadProcessMemory or WriteProcessMemory request was completed. (0x12B)
[0327/182844.430:WARNING:pe_image_reader.cc(340)] could not read dos header from C:\WINDOWS\SYSTEM32\DEVOBJ.dll
[0327/182844.430:ERROR:process_memory_win.cc(73)] ReadMemory at 0x7ffe88120000 of 64 bytes failed: Only part of a ReadProcessMemory or WriteProcessMemory request was completed. (0x12B)
[0327/182844.431:WARNING:pe_image_reader.cc(340)] could not read dos header from C:\WINDOWS\SYSTEM32\mf.dll
[0327/182844.431:ERROR:process_memory_win.cc(73)] ReadMemory at 0x7ffea4050000 of 64 bytes failed: Only part of a ReadProcessMemory or WriteProcessMemory request was completed. (0x12B)
[0327/182844.431:WARNING:pe_image_reader.cc(340)] could not read dos header from C:\WINDOWS\SYSTEM32\mfplat.dll
[0327/182844.431:ERROR:process_memory_win.cc(73)] ReadMemory at 0x7ffea98a0000 of 64 bytes failed: Only part of a ReadProcessMemory or WriteProcessMemory request was completed. (0x12B)
[0327/182844.431:WARNING:pe_image_reader.cc(340)] could not read dos header from C:\WINDOWS\SYSTEM32\RTWorkQ.DLL
[0327/182844.431:ERROR:process_memory_win.cc(73)] ReadMemory at 0x7ffe793a0000 of 64 bytes failed: Only part of a ReadProcessMemory or WriteProcessMemory request was completed. (0x12B)
[0327/182844.431:WARNING:pe_image_reader.cc(340)] could not read dos header from C:\WINDOWS\SYSTEM32\msmpeg2vdec.dll
[0327/182844.431:ERROR:process_memory_win.cc(73)] ReadMemory at 0x7ffe84660000 of 64 bytes failed: Only part of a ReadProcessMemory or WriteProcessMemory request was completed. (0x12B)
[0327/182844.431:WARNING:pe_image_reader.cc(340)] could not read dos header from C:\WINDOWS\SYSTEM32\mfperfhelper.dll
[0327/182844.431:ERROR:process_memory_win.cc(73)] ReadMemory at 0x7ffeae100000 of 64 bytes failed: Only part of a ReadProcessMemory or WriteProcessMemory request was completed. (0x12B)
[0327/182844.431:WARNING:pe_image_reader.cc(340)] could not read dos header from C:\WINDOWS\SYSTEM32\cryptsp.dll
[0327/182844.431:ERROR:process_memory_win.cc(73)] ReadMemory at 0x7ffea9dd0000 of 64 bytes failed: Only part of a ReadProcessMemory or WriteProcessMemory request was completed. (0x12B)
[0327/182844.431:WARNING:pe_image_reader.cc(340)] could not read dos header from C:\WINDOWS\SYSTEM32\dxva2.dll
[0327/182844.431:ERROR:process_memory_win.cc(73)] ReadMemory at 0x7ffe83ac0000 of 64 bytes failed: Only part of a ReadProcessMemory or WriteProcessMemory request was completed. (0x12B)
[0327/182844.432:WARNING:pe_image_reader.cc(340)] could not read dos header from C:\WINDOWS\SYSTEM32\msvproc.dll
[0327/182844.432:ERROR:process_memory_win.cc(73)] ReadMemory at 0x7ffea4010000 of 64 bytes failed: Only part of a ReadProcessMemory or WriteProcessMemory request was completed. (0x12B)
[0327/182844.432:WARNING:pe_image_reader.cc(340)] could not read dos header from C:\WINDOWS\SYSTEM32\CompPkgSup.DLL
[0327/182844.432:ERROR:process_memory_win.cc(73)] ReadMemory at 0x7ffeab280000 of 64 bytes failed: Only part of a ReadProcessMemory or WriteProcessMemory request was completed. (0x12B)
[0327/182844.432:WARNING:pe_image_reader.cc(340)] could not read dos header from C:\WINDOWS\SYSTEM32\D3DCompiler_47.dll
[0327/182844.432:ERROR:process_memory_win.cc(73)] ReadMemory at 0x7ffe6cce0000 of 64 bytes failed: Only part of a ReadProcessMemory or WriteProcessMemory request was completed. (0x12B)
[0327/182844.432:WARNING:pe_image_reader.cc(340)] could not read dos header from C:\Program Files (x86)\Google\Chrome\Application\73.0.3683.86\libglesv2.dll
[0327/182844.432:ERROR:process_memory_win.cc(73)] ReadMemory at 0x7ffe6cb40000 of 64 bytes failed: Only part of a ReadProcessMemory or WriteProcessMemory request was completed. (0x12B)
[0327/182844.432:WARNING:pe_image_reader.cc(340)] could not read dos header from C:\WINDOWS\SYSTEM32\d3d9.dll
[0327/182844.432:ERROR:process_memory_win.cc(73)] ReadMemory at 0x7ffeacc00000 of 64 bytes failed: Only part of a ReadProcessMemory or WriteProcessMemory request was completed. (0x12B)
[0327/182844.432:WARNING:pe_image_reader.cc(340)] could not read dos header from C:\WINDOWS\SYSTEM32\dwmapi.dll
[0327/182844.432:ERROR:process_memory_win.cc(73)] ReadMemory at 0x7ffea9da0000 of 64 bytes failed: Only part of a ReadProcessMemory or WriteProcessMemory request was completed. (0x12B)
[0327/182844.433:WARNING:pe_image_reader.cc(340)] could not read dos header from C:\Program Files (x86)\Google\Chrome\Application\73.0.3683.86\libegl.dll
[0327/182844.433:ERROR:process_memory_win.cc(73)] ReadMemory at 0x7ffeab6c0000 of 64 bytes failed: Only part of a ReadProcessMemory or WriteProcessMemory request was completed. (0x12B)
[0327/182844.433:WARNING:pe_image_reader.cc(340)] could not read dos header from C:\WINDOWS\SYSTEM32\d3d11.dll
[0327/182844.433:ERROR:process_memory_win.cc(73)] ReadMemory at 0x7ffeabfd0000 of 64 bytes failed: Only part of a ReadProcessMemory or WriteProcessMemory request was completed. (0x12B)
[0327/182844.433:WARNING:pe_image_reader.cc(340)] could not read dos header from C:\WINDOWS\SYSTEM32\dcomp.dll
[0327/182844.433:ERROR:process_memory_win.cc(73)] ReadMemory at 0x7ffea4e20000 of 64 bytes failed: Only part of a ReadProcessMemory or WriteProcessMemory request was completed. (0x12B)
[0327/182844.433:WARNING:pe_image_reader.cc(340)] could not read dos header from C:\WINDOWS\System32\DriverStore\FileRepository\igdlh64.inf_amd64_1a33d2f73651d989\igd10iumd64.dll
[0327/182844.433:ERROR:process_memory_win.cc(73)] ReadMemory at 0x7ffeae200000 of 64 bytes failed: Only part of a ReadProcessMemory or WriteProcessMemory request was completed. (0x12B)
[0327/182844.433:WARNING:pe_image_reader.cc(340)] could not read dos header from C:\WINDOWS\SYSTEM32\ncrypt.dll
[0327/182844.433:ERROR:process_memory_win.cc(73)] ReadMemory at 0x7ffeae1c0000 of 64 bytes failed: Only part of a ReadProcessMemory or WriteProcessMemory request was completed. (0x12B)
[0327/182844.433:WARNING:pe_image_reader.cc(340)] could not read dos header from C:\WINDOWS\SYSTEM32\NTASN1.dll
[0327/182844.433:ERROR:process_memory_win.cc(73)] ReadMemory at 0x7ffea0e50000 of 64 bytes failed: Only part of a ReadProcessMemory or WriteProcessMemory request was completed. (0x12B)
[0327/182844.433:WARNING:pe_image_reader.cc(340)] could not read dos header from C:\WINDOWS\System32\DriverStore\FileRepository\igdlh64.inf_amd64_1a33d2f73651d989\igc64.dll
[0327/182844.434:ERROR:process_memory_win.cc(73)] ReadMemory at 0x7ffeb1c40000 of 64 bytes failed: Only part of a ReadProcessMemory or WriteProcessMemory request was completed. (0x12B)
[0327/182844.434:WARNING:pe_image_reader.cc(340)] could not read dos header from C:\WINDOWS\System32\clbcatq.dll
[0327/182844.434:ERROR:process_memory_win.cc(73)] ReadMemory at 0x7ffea9ea0000 of 64 bytes failed: Only part of a ReadProcessMemory or WriteProcessMemory request was completed. (0x12B)
[0327/182844.434:WARNING:pe_image_reader.cc(340)] could not read dos header from C:\Windows\System32\WinTypes.dll
[0327/182844.434:ERROR:process_memory_win.cc(73)] ReadMemory at 0x7ffea2bf0000 of 64 bytes failed: Only part of a ReadProcessMemory or WriteProcessMemory request was completed. (0x12B)
[0327/182844.434:WARNING:pe_image_reader.cc(340)] could not read dos header from C:\WINDOWS\SYSTEM32\rometadata.dll
[0327/182844.434:ERROR:process_memory_win.cc(73)] ReadMemory at 0x7ffe65f80000 of 64 bytes failed: Only part of a ReadProcessMemory or WriteProcessMemory request was completed. (0x12B)
[0327/182844.434:WARNING:pe_image_reader.cc(340)] could not read dos header from C:\WINDOWS\System32\DriverStore\FileRepository\igdlh64.inf_amd64_1a33d2f73651d989\igd11dxva64.dll
[0327/182844.434:ERROR:process_memory_win.cc(73)] ReadMemory at 0x7ffeacad0000 of 64 bytes failed: Only part of a ReadProcessMemory or WriteProcessMemory request was completed. (0x12B)
[0327/182844.435:WARNING:pe_image_reader.cc(340)] could not read dos header from C:\WINDOWS\system32\uxtheme.dll
[0327/182844.435:ERROR:process_memory_win.cc(73)] ReadMemory at 0x7ffe856c0000 of 64 bytes failed: Only part of a ReadProcessMemory or WriteProcessMemory request was completed. (0x12B)
[0327/182844.435:WARNING:pe_image_reader.cc(340)] could not read dos header from C:\Windows\System32\mfh264enc.dll
[0327/182844.435:ERROR:process_memory_win.cc(73)] ReadMemory at 0x7ffeb1960000 of 64 bytes failed: Only part of a ReadProcessMemory or WriteProcessMemory request was completed. (0x12B)
[0327/182844.435:WARNING:pe_image_reader.cc(340)] could not read dos header from C:\WINDOWS\System32\MSCTF.dll
[0327/182844.462:ERROR:process_memory_win.cc(73)] ReadMemory at 0x7789ff3000 of 53248 bytes failed: Only part of a ReadProcessMemory or WriteProcessMemory request was completed. (0x12B)
[0327/182844.462:ERROR:process_memory_win.cc(73)] ReadMemory at 0x778a1f0000 of 65536 bytes failed: Only part of a ReadProcessMemory or WriteProcessMemory request was completed. (0x12B)
[0327/182844.462:ERROR:process_memory_win.cc(73)] ReadMemory at 0x778a3fe000 of 8192 bytes failed: Only part of a ReadProcessMemory or WriteProcessMemory request was completed. (0x12B)
[0327/182844.462:ERROR:process_memory_win.cc(73)] ReadMemory at 0x778a5fe000 of 8192 bytes failed: Only part of a ReadProcessMemory or WriteProcessMemory request was completed. (0x12B)
[0327/182844.462:ERROR:process_memory_win.cc(73)] ReadMemory at 0x778a7fd000 of 12288 bytes failed: Only part of a ReadProcessMemory or WriteProcessMemory request was completed. (0x12B)
[0327/182844.463:ERROR:process_memory_win.cc(73)] ReadMemory at 0x778a9fe000 of 8192 bytes failed: Only part of a ReadProcessMemory or WriteProcessMemory request was completed. (0x12B)
[0327/182844.463:ERROR:process_memory_win.cc(73)] ReadMemory at 0x778abfe000 of 8192 bytes failed: Only part of a ReadProcessMemory or WriteProcessMemory request was completed. (0x12B)
[0327/182844.463:ERROR:process_memory_win.cc(73)] ReadMemory at 0x778adfe000 of 8192 bytes failed: Only part of a ReadProcessMemory or WriteProcessMemory request was completed. (0x12B)
[0327/182844.463:ERROR:process_memory_win.cc(73)] ReadMemory at 0x778affd000 of 12288 bytes failed: Only part of a ReadProcessMemory or WriteProcessMemory request was completed. (0x12B)
[0327/182844.463:ERROR:process_memory_win.cc(73)] ReadMemory at 0x778b1fe000 of 8192 bytes failed: Only part of a ReadProcessMemory or WriteProcessMemory request was completed. (0x12B)
[0327/182844.463:ERROR:process_memory_win.cc(73)] ReadMemory at 0x778b3fc000 of 16384 bytes failed: Only part of a ReadProcessMemory or WriteProcessMemory request was completed. (0x12B)
[0327/182844.463:ERROR:process_memory_win.cc(73)] ReadMemory at 0x778b7f0000 of 65536 bytes failed: Only part of a ReadProcessMemory or WriteProcessMemory request was completed. (0x12B)
[0327/182844.463:ERROR:process_memory_win.cc(73)] ReadMemory at 0x778b9fe000 of 8192 bytes failed: Only part of a ReadProcessMemory or WriteProcessMemory request was completed. (0x12B)
[0327/182844.463:ERROR:process_memory_win.cc(73)] ReadMemory at 0x778bbfc000 of 16384 bytes failed: Only part of a ReadProcessMemory or WriteProcessMemory request was completed. (0x12B)
[0327/182844.463:ERROR:process_memory_win.cc(73)] ReadMemory at 0x778bdfe000 of 8192 bytes failed: Only part of a ReadProcessMemory or WriteProcessMemory request was completed. (0x12B)
[0327/182844.464:ERROR:process_memory_win.cc(73)] ReadMemory at 0x778b5fe000 of 8192 bytes failed: Only part of a ReadProcessMemory or WriteProcessMemory request was completed. (0x12B)
[0327/182844.464:ERROR:process_memory_win.cc(73)] ReadMemory at 0x778bffe000 of 8192 bytes failed: Only part of a ReadProcessMemory or WriteProcessMemory request was completed. (0x12B)
[0327/182844.464:ERROR:process_memory_win.cc(73)] ReadMemory at 0x7789c00000 of 6024 bytes failed: Only part of a ReadProcessMemory or WriteProcessMemory request was completed. (0x12B)
[0327/182844.464:ERROR:process_memory_win.cc(73)] ReadMemory at 0x7789dc3000 of 1312 bytes failed: Only part of a ReadProcessMemory or WriteProcessMemory request was completed. (0x12B)
[0327/182844.464:ERROR:process_memory_win.cc(73)] ReadMemory at 0x7789dc4000 of 6024 bytes failed: Only part of a ReadProcessMemory or WriteProcessMemory request was completed. (0x12B)
[0327/182844.464:ERROR:process_memory_win.cc(73)] ReadMemory at 0x7789dc6000 of 6024 bytes failed: Only part of a ReadProcessMemory or WriteProcessMemory request was completed. (0x12B)
[0327/182844.464:ERROR:process_memory_win.cc(73)] ReadMemory at 0x7789dc8000 of 6024 bytes failed: Only part of a ReadProcessMemory or WriteProcessMemory request was completed. (0x12B)
[0327/182844.464:ERROR:process_memory_win.cc(73)] ReadMemory at 0x7789dca000 of 6024 bytes failed: Only part of a ReadProcessMemory or WriteProcessMemory request was completed. (0x12B)
[0327/182844.464:ERROR:process_memory_win.cc(73)] ReadMemory at 0x7789dcc000 of 6024 bytes failed: Only part of a ReadProcessMemory or WriteProcessMemory request was completed. (0x12B)
[0327/182844.464:ERROR:process_memory_win.cc(73)] ReadMemory at 0x7789dce000 of 6024 bytes failed: Only part of a ReadProcessMemory or WriteProcessMemory request was completed. (0x12B)
[0327/182844.464:ERROR:process_memory_win.cc(73)] ReadMemory at 0x7789dd0000 of 6024 bytes failed: Only part of a ReadProcessMemory or WriteProcessMemory request was completed. (0x12B)
[0327/182844.465:ERROR:process_memory_win.cc(73)] ReadMemory at 0x7789dd2000 of 6024 bytes failed: Only part of a ReadProcessMemory or WriteProcessMemory request was completed. (0x12B)
[0327/182844.465:ERROR:process_memory_win.cc(73)] ReadMemory at 0x7789dd4000 of 6024 bytes failed: Only part of a ReadProcessMemory or WriteProcessMemory request was completed. (0x12B)
[0327/182844.465:ERROR:process_memory_win.cc(73)] ReadMemory at 0x7789dd6000 of 6024 bytes failed: Only part of a ReadProcessMemory or WriteProcessMemory request was completed. (0x12B)
[0327/182844.465:ERROR:process_memory_win.cc(73)] ReadMemory at 0x7789dd8000 of 6024 bytes failed: Only part of a ReadProcessMemory or WriteProcessMemory request was completed. (0x12B)
[0327/182844.465:ERROR:process_memory_win.cc(73)] ReadMemory at 0x7789ddc000 of 6024 bytes failed: Only part of a ReadProcessMemory or WriteProcessMemory request was completed. (0x12B)
[0327/182844.465:ERROR:process_memory_win.cc(73)] ReadMemory at 0x7789dde000 of 6024 bytes failed: Only part of a ReadProcessMemory or WriteProcessMemory request was completed. (0x12B)
[0327/182844.465:ERROR:process_memory_win.cc(73)] ReadMemory at 0x7789df4000 of 6024 bytes failed: Only part of a ReadProcessMemory or WriteProcessMemory request was completed. (0x12B)
[0327/182844.465:ERROR:process_memory_win.cc(73)] ReadMemory at 0x7789df6000 of 6024 bytes failed: Only part of a ReadProcessMemory or WriteProcessMemory request was completed. (0x12B)
[0327/182844.465:ERROR:process_memory_win.cc(73)] ReadMemory at 0x7789dfe000 of 6024 bytes failed: Only part of a ReadProcessMemory or WriteProcessMemory request was completed. (0x12B)
[0327/182844.465:ERROR:process_memory_win.cc(73)] ReadMemory at 0x19d80221000 of 512 bytes failed: Only part of a ReadProcessMemory or WriteProcessMemory request was completed. (0x12B)
[0327/182844.465:ERROR:process_memory_win.cc(73)] ReadMemory at 0x19d80240000 of 384 bytes failed: Only part of a ReadProcessMemory or WriteProcessMemory request was completed. (0x12B)
[0327/182844.466:ERROR:process_memory_win.cc(73)] ReadMemory at 0x19d80248630 of 512 bytes failed: Only part of a ReadProcessMemory or WriteProcessMemory request was completed. (0x12B)
[0327/182844.466:ERROR:process_memory_win.cc(73)] ReadMemory at 0x19d802504c0 of 512 bytes failed: Only part of a ReadProcessMemory or WriteProcessMemory request was completed. (0x12B)
[0327/182844.466:ERROR:process_memory_win.cc(73)] ReadMemory at 0x19d80259b00 of 592 bytes failed: Only part of a ReadProcessMemory or WriteProcessMemory request was completed. (0x12B)
[0327/182844.466:ERROR:process_memory_win.cc(73)] ReadMemory at 0x19d8025c130 of 512 bytes failed: Only part of a ReadProcessMemory or WriteProcessMemory request was completed. (0x12B)
[0327/182844.466:ERROR:process_memory_win.cc(73)] ReadMemory at 0x19d80272c00 of 512 bytes failed: Only part of a ReadProcessMemory or WriteProcessMemory request was completed. (0x12B)
[0327/182844.466:ERROR:process_memory_win.cc(73)] ReadMemory at 0x19d802e20f0 of 512 bytes failed: Only part of a ReadProcessMemory or WriteProcessMemory request was completed. (0x12B)
[0327/182844.466:ERROR:process_memory_win.cc(73)] ReadMemory at 0x19d81c20000 of 384 bytes failed: Only part of a ReadProcessMemory or WriteProcessMemory request was completed. (0x12B)
[0327/182844.466:ERROR:process_memory_win.cc(73)] ReadMemory at 0x19d81c25808 of 512 bytes failed: Only part of a ReadProcessMemory or WriteProcessMemory request was completed. (0x12B)
[0327/182844.515:ERROR:process_memory_win.cc(73)] ReadMemory at 0x19d88a1e300 of 62 bytes failed: Only part of a ReadProcessMemory or WriteProcessMemory request was completed. (0x12B)
[0327/182844.515:ERROR:process_memory_win.cc(73)] ReadMemory at 0x19d88a21550 of 512 bytes failed: Only part of a ReadProcessMemory or WriteProcessMemory request was completed. (0x12B)
[0327/182844.515:ERROR:process_memory_win.cc(73)] ReadMemory at 0x19d88a32590 of 194 bytes failed: Only part of a ReadProcessMemory or WriteProcessMemory request was completed. (0x12B)
[0327/182844.515:ERROR:process_memory_win.cc(73)] ReadMemory at 0x19d88a375d0 of 66 bytes failed: Only part of a ReadProcessMemory or WriteProcessMemory request was completed. (0x12B)
[0327/182844.515:ERROR:process_memory_win.cc(73)] ReadMemory at 0x19d88a69350 of 512 bytes failed: Only part of a ReadProcessMemory or WriteProcessMemory request was completed. (0x12B)
[0327/182844.515:ERROR:process_memory_win.cc(73)] ReadMemory at 0x19d88a82760 of 512 bytes failed: Only part of a ReadProcessMemory or WriteProcessMemory request was completed. (0x12B)
[0327/182844.515:ERROR:process_memory_win.cc(73)] ReadMemory at 0x19d8908a990 of 512 bytes failed: Only part of a ReadProcessMemory or WriteProcessMemory request was completed. (0x12B)
[0327/182844.516:ERROR:process_memory_win.cc(73)] ReadMemory at 0x19d89195ca0 of 512 bytes failed: Only part of a ReadProcessMemory or WriteProcessMemory request was completed. (0x12B)
[0327/182844.526:ERROR:process_memory_win.cc(73)] ReadMemory at 0x19d89885190 of 512 bytes failed: Only part of a ReadProcessMemory or WriteProcessMemory request was completed. (0x12B)
[0327/182844.526:ERROR:process_memory_win.cc(73)] ReadMemory at 0x19d89c70000 of 1168 bytes failed: Only part of a ReadProcessMemory or WriteProcessMemory request was completed. (0x12B)
[0327/182844.527:ERROR:process_memory_win.cc(73)] ReadMemory at 0x19d89c7e8a0 of 512 bytes failed: Only part of a ReadProcessMemory or WriteProcessMemory request was completed. (0x12B)
[0327/182844.527:ERROR:process_memory_win.cc(73)] ReadMemory at 0x19d89e80ab0 of 512 bytes failed: Only part of a ReadProcessMemory or WriteProcessMemory request was completed. (0x12B)
[0327/182844.527:ERROR:process_memory_win.cc(73)] ReadMemory at 0x19d89e80fc0 of 4560 bytes failed: Only part of a ReadProcessMemory or WriteProcessMemory request was completed. (0x12B)
[0327/182844.527:ERROR:process_memory_win.cc(73)] ReadMemory at 0x19d89e821a0 of 1012 bytes failed: Only part of a ReadProcessMemory or WriteProcessMemory request was completed. (0x12B)
[0327/182844.527:ERROR:process_memory_win.cc(73)] ReadMemory at 0x19d89e827b8 of 118 bytes failed: Only part of a ReadProcessMemory or WriteProcessMemory request was completed. (0x12B)
[0327/182844.527:ERROR:process_memory_win.cc(73)] ReadMemory at 0x19d89e82830 of 1266 bytes failed: Only part of a ReadProcessMemory or WriteProcessMemory request was completed. (0x12B)
[0327/182844.527:ERROR:process_memory_win.cc(73)] ReadMemory at 0x19d89e82d24 of 118 bytes failed: Only part of a ReadProcessMemory or WriteProcessMemory request was completed. (0x12B)
[0327/182844.527:ERROR:process_memory_win.cc(73)] ReadMemory at 0x19d89e82d9c of 30 bytes failed: Only part of a ReadProcessMemory or WriteProcessMemory request was completed. (0x12B)
[0327/182844.528:ERROR:process_memory_win.cc(73)] ReadMemory at 0x19d89e82dd0 of 58 bytes failed: Only part of a ReadProcessMemory or WriteProcessMemory request was completed. (0x12B)
[0327/182844.528:ERROR:process_memory_win.cc(73)] ReadMemory at 0x19d89e82ed0 of 132 bytes failed: Only part of a ReadProcessMemory or WriteProcessMemory request was completed. (0x12B)
[0327/182844.528:ERROR:process_memory_win.cc(73)] ReadMemory at 0x19d89e83060 of 132 bytes failed: Only part of a ReadProcessMemory or WriteProcessMemory request was completed. (0x12B)
[0327/182844.528:ERROR:process_memory_win.cc(73)] ReadMemory at 0x19d89e83600 of 132 bytes failed: Only part of a ReadProcessMemory or WriteProcessMemory request was completed. (0x12B)
[0327/182844.528:ERROR:process_memory_win.cc(73)] ReadMemory at 0x19d89e83790 of 64 bytes failed: Only part of a ReadProcessMemory or WriteProcessMemory request was completed. (0x12B)
[0327/182844.528:ERROR:process_memory_win.cc(73)] ReadMemory at 0x19d89e838f0 of 132 bytes failed: Only part of a ReadProcessMemory or WriteProcessMemory request was completed. (0x12B)
[0327/182844.528:ERROR:process_memory_win.cc(73)] ReadMemory at 0x19d89e83af0 of 62 bytes failed: Only part of a ReadProcessMemory or WriteProcessMemory request was completed. (0x12B)
[0327/182844.528:ERROR:process_memory_win.cc(73)] ReadMemory at 0x19d89e83be0 of 132 bytes failed: Only part of a ReadProcessMemory or WriteProcessMemory request was completed. (0x12B)
[0327/182844.528:ERROR:process_memory_win.cc(73)] ReadMemory at 0x19d89e83d70 of 68 bytes failed: Only part of a ReadProcessMemory or WriteProcessMemory request was completed. (0x12B)
[0327/182844.543:ERROR:process_memory_win.cc(73)] ReadMemory at 0x19d89e8a190 of 132 bytes failed: Only part of a ReadProcessMemory or WriteProcessMemory request was completed. (0x12B)
[0327/182844.543:ERROR:process_memory_win.cc(73)] ReadMemory at 0x19d89e8a320 of 62 bytes failed: Only part of a ReadProcessMemory or WriteProcessMemory request was completed. (0x12B)
[0327/182844.543:ERROR:process_memory_win.cc(73)] ReadMemory at 0x19d89e8a720 of 132 bytes failed: Only part of a ReadProcessMemory or WriteProcessMemory request was completed. (0x12B)
[0327/182844.543:ERROR:process_memory_win.cc(73)] ReadMemory at 0x19d89e8a8b0 of 60 bytes failed: Only part of a ReadProcessMemory or WriteProcessMemory request was completed. (0x12B)
[0327/182844.543:ERROR:process_memory_win.cc(73)] ReadMemory at 0x19d89e8be90 of 132 bytes failed: Only part of a ReadProcessMemory or WriteProcessMemory request was completed. (0x12B)
[0327/182844.544:ERROR:process_memory_win.cc(73)] ReadMemory at 0x19d89e8c1a0 of 132 bytes failed: Only part of a ReadProcessMemory or WriteProcessMemory request was completed. (0x12B)
[0327/182844.544:ERROR:process_memory_win.cc(73)] ReadMemory at 0x19d89e8c330 of 64 bytes failed: Only part of a ReadProcessMemory or WriteProcessMemory request was completed. (0x12B)
[0327/182844.544:ERROR:process_memory_win.cc(73)] ReadMemory at 0x19d89e8c5b0 of 132 bytes failed: Only part of a ReadProcessMemory or WriteProcessMemory request was completed. (0x12B)
[0327/182844.544:ERROR:process_memory_win.cc(73)] ReadMemory at 0x19d89e8c740 of 64 bytes failed: Only part of a ReadProcessMemory or WriteProcessMemory request was completed. (0x12B)
[0327/182844.544:ERROR:process_memory_win.cc(73)] ReadMemory at 0x19d89e8c790 of 156 bytes failed: Only part of a ReadProcessMemory or WriteProcessMemory request was completed. (0x12B)
[0327/182844.544:ERROR:process_memory_win.cc(73)] ReadMemory at 0x19d89e8c9a0 of 132 bytes failed: Only part of a ReadProcessMemory or WriteProcessMemory request was completed. (0x12B)
[0327/182844.544:ERROR:process_memory_win.cc(73)] ReadMemory at 0x19d89e8cb30 of 60 bytes failed: Only part of a ReadProcessMemory or WriteProcessMemory request was completed. (0x12B)
[0327/182844.544:ERROR:process_memory_win.cc(73)] ReadMemory at 0x19d89e8ce50 of 132 bytes failed: Only part of a ReadProcessMemory or WriteProcessMemory request was completed. (0x12B)
[0327/182844.544:ERROR:process_memory_win.cc(73)] ReadMemory at 0x19d89e8cfe0 of 60 bytes failed: Only part of a ReadProcessMemory or WriteProcessMemory request was completed. (0x12B)
[0327/182844.544:ERROR:process_memory_win.cc(73)] ReadMemory at 0x19d89e8d220 of 132 bytes failed: Only part of a ReadProcessMemory or WriteProcessMemory request was completed. (0x12B)
[0327/182844.544:ERROR:process_memory_win.cc(73)] ReadMemory at 0x19d89e8d3b0 of 62 bytes failed: Only part of a ReadProcessMemory or WriteProcessMemory request was completed. (0x12B)
[0327/182844.544:ERROR:process_memory_win.cc(73)] ReadMemory at 0x19d89e8df00 of 132 bytes failed: Only part of a ReadProcessMemory or WriteProcessMemory request was completed. (0x12B)
[0327/182844.545:ERROR:process_memory_win.cc(73)] ReadMemory at 0x19d89e8e200 of 80 bytes failed: Only part of a ReadProcessMemory or WriteProcessMemory request was completed. (0x12B)
[0327/182844.566:ERROR:process_memory_win.cc(73)] ReadMemory at 0x19d89e8e2c0 of 78 bytes failed: Only part of a ReadProcessMemory or WriteProcessMemory request was completed. (0x12B)
[0327/182844.566:ERROR:process_memory_win.cc(73)] ReadMemory at 0x19d89e8e500 of 76 bytes failed: Only part of a ReadProcessMemory or WriteProcessMemory request was completed. (0x12B)
[0327/182844.567:ERROR:process_memory_win.cc(73)] ReadMemory at 0x19d89e8ea30 of 132 bytes failed: Only part of a ReadProcessMemory or WriteProcessMemory request was completed. (0x12B)
[0327/182844.567:ERROR:process_memory_win.cc(73)] ReadMemory at 0x19d89e8eae0 of 512 bytes failed: Only part of a ReadProcessMemory or WriteProcessMemory request was completed. (0x12B)
[0327/182844.567:ERROR:process_memory_win.cc(73)] ReadMemory at 0x19d89e8ef10 of 132 bytes failed: Only part of a ReadProcessMemory or WriteProcessMemory request was completed. (0x12B)
[0327/182844.567:ERROR:process_memory_win.cc(73)] ReadMemory at 0x19d89e8f090 of 66 bytes failed: Only part of a ReadProcessMemory or WriteProcessMemory request was completed. (0x12B)
[0327/182844.567:ERROR:process_memory_win.cc(73)] ReadMemory at 0x19d89e8f0e0 of 58 bytes failed: Only part of a ReadProcessMemory or WriteProcessMemory request was completed. (0x12B)
[0327/182844.568:ERROR:process_memory_win.cc(73)] ReadMemory at 0x19d89e8f180 of 62 bytes failed: Only part of a ReadProcessMemory or WriteProcessMemory request was completed. (0x12B)
[0327/182844.568:ERROR:process_memory_win.cc(73)] ReadMemory at 0x19d89e8f270 of 64 bytes failed: Only part of a ReadProcessMemory or WriteProcessMemory request was completed. (0x12B)
[0327/182844.568:ERROR:process_memory_win.cc(73)] ReadMemory at 0x19d89e8f2c0 of 62 bytes failed: Only part of a ReadProcessMemory or WriteProcessMemory request was completed. (0x12B)
[0327/182844.568:ERROR:process_memory_win.cc(73)] ReadMemory at 0x19d89e8f310 of 66 bytes failed: Only part of a ReadProcessMemory or WriteProcessMemory request was completed. (0x12B)
[0327/182844.569:ERROR:process_memory_win.cc(73)] ReadMemory at 0x19d89e8f360 of 60 bytes failed: Only part of a ReadProcessMemory or WriteProcessMemory request was completed. (0x12B)
[0327/182844.569:ERROR:process_memory_win.cc(73)] ReadMemory at 0x19d89e8f3b0 of 66 bytes failed: Only part of a ReadProcessMemory or WriteProcessMemory request was completed. (0x12B)
[0327/182844.569:ERROR:process_memory_win.cc(73)] ReadMemory at 0x19d89e8f400 of 62 bytes failed: Only part of a ReadProcessMemory or WriteProcessMemory request was completed. (0x12B)
[0327/182844.569:ERROR:process_memory_win.cc(73)] ReadMemory at 0x19d89e8f4f0 of 58 bytes failed: Only part of a ReadProcessMemory or WriteProcessMemory request was completed. (0x12B)
[0327/182844.569:ERROR:process_memory_win.cc(73)] ReadMemory at 0x19d89e8f540 of 62 bytes failed: Only part of a ReadProcessMemory or WriteProcessMemory request was completed. (0x12B)
[0327/182844.569:ERROR:process_memory_win.cc(73)] ReadMemory at 0x19d89e8f590 of 64 bytes failed: Only part of a ReadProcessMemory or WriteProcessMemory request was completed. (0x12B)
[0327/182844.569:ERROR:process_memory_win.cc(73)] ReadMemory at 0x19d89e8f5e0 of 62 bytes failed: Only part of a ReadProcessMemory or WriteProcessMemory request was completed. (0x12B)
[0327/182844.570:ERROR:process_memory_win.cc(73)] ReadMemory at 0x19d89e8f630 of 60 bytes failed: Only part of a ReadProcessMemory or WriteProcessMemory request was completed. (0x12B)
[0327/182844.570:ERROR:process_memory_win.cc(73)] ReadMemory at 0x19d89e8f720 of 60 bytes failed: Only part of a ReadProcessMemory or WriteProcessMemory request was completed. (0x12B)
[0327/182844.570:ERROR:process_memory_win.cc(73)] ReadMemory at 0x19d89e90970 of 132 bytes failed: Only part of a ReadProcessMemory or WriteProcessMemory request was completed. (0x12B)
[0327/182844.570:ERROR:process_memory_win.cc(73)] ReadMemory at 0x19d89e90bc0 of 132 bytes failed: Only part of a ReadProcessMemory or WriteProcessMemory request was completed. (0x12B)
[0327/182844.570:ERROR:process_memory_win.cc(73)] ReadMemory at 0x19d89e90cf0 of 132 bytes failed: Only part of a ReadProcessMemory or WriteProcessMemory request was completed. (0x12B)
[0327/182844.570:ERROR:process_memory_win.cc(73)] ReadMemory at 0x19d89e90e20 of 132 bytes failed: Only part of a ReadProcessMemory or WriteProcessMemory request was completed. (0x12B)
[0327/182844.570:ERROR:process_memory_win.cc(73)] ReadMemory at 0x19d89e90f50 of 132 bytes failed: Only part of a ReadProcessMemory or WriteProcessMemory request was completed. (0x12B)
[0327/182844.570:ERROR:process_memory_win.cc(73)] ReadMemory at 0x19d89e91080 of 132 bytes failed: Only part of a ReadProcessMemory or WriteProcessMemory request was completed. (0x12B)
[0327/182844.575:ERROR:process_memory_win.cc(73)] ReadMemory at 0x19d89e911b0 of 132 bytes failed: Only part of a ReadProcessMemory or WriteProcessMemory request was completed. (0x12B)
[0327/182844.575:ERROR:process_memory_win.cc(73)] ReadMemory at 0x19d89e912e0 of 132 bytes failed: Only part of a ReadProcessMemory or WriteProcessMemory request was completed. (0x12B)
[0327/182844.575:ERROR:process_memory_win.cc(73)] ReadMemory at 0x19d89e91410 of 132 bytes failed: Only part of a ReadProcessMemory or WriteProcessMemory request was completed. (0x12B)
[0327/182844.575:ERROR:process_memory_win.cc(73)] ReadMemory at 0x19d89e91540 of 132 bytes failed: Only part of a ReadProcessMemory or WriteProcessMemory request was completed. (0x12B)
[0327/182844.575:ERROR:process_memory_win.cc(73)] ReadMemory at 0x19d89e91670 of 132 bytes failed: Only part of a ReadProcessMemory or WriteProcessMemory request was completed. (0x12B)
[0327/182844.575:ERROR:process_memory_win.cc(73)] ReadMemory at 0x19d89e917a0 of 132 bytes failed: Only part of a ReadProcessMemory or WriteProcessMemory request was completed. (0x12B)
[0327/182844.575:ERROR:process_memory_win.cc(73)] ReadMemory at 0x19d89e918d0 of 132 bytes failed: Only part of a ReadProcessMemory or WriteProcessMemory request was completed. (0x12B)
[0327/182844.575:ERROR:process_memory_win.cc(73)] ReadMemory at 0x19d89e91a00 of 132 bytes failed: Only part of a ReadProcessMemory or WriteProcessMemory request was completed. (0x12B)
[0327/182844.575:ERROR:process_memory_win.cc(73)] ReadMemory at 0x19d89e91bea of 512 bytes failed: Only part of a ReadProcessMemory or WriteProcessMemory request was completed. (0x12B)
[0327/182844.576:ERROR:process_memory_win.cc(73)] ReadMemory at 0x19d89e92da0 of 246 bytes failed: Only part of a ReadProcessMemory or WriteProcessMemory request was completed. (0x12B)
[0327/182844.576:ERROR:process_memory_win.cc(73)] ReadMemory at 0x19d89e934e0 of 152 bytes failed: Only part of a ReadProcessMemory or WriteProcessMemory request was completed. (0x12B)
[0327/182844.576:ERROR:process_memory_win.cc(73)] ReadMemory at 0x19d89e94dd0 of 132 bytes failed: Only part of a ReadProcessMemory or WriteProcessMemory request was completed. (0x12B)
[0327/182844.576:ERROR:process_memory_win.cc(73)] ReadMemory at 0x19d89e94f00 of 132 bytes failed: Only part of a ReadProcessMemory or WriteProcessMemory request was completed. (0x12B)
[0327/182844.576:ERROR:process_memory_win.cc(73)] ReadMemory at 0x19d89e95030 of 132 bytes failed: Only part of a ReadProcessMemory or WriteProcessMemory request was completed. (0x12B)
[0327/182844.576:ERROR:process_memory_win.cc(73)] ReadMemory at 0x19d89e95160 of 132 bytes failed: Only part of a ReadProcessMemory or WriteProcessMemory request was completed. (0x12B)
[0327/182844.576:ERROR:process_memory_win.cc(73)] ReadMemory at 0x19d89e95290 of 132 bytes failed: Only part of a ReadProcessMemory or WriteProcessMemory request was completed. (0x12B)
[0327/182844.576:ERROR:process_memory_win.cc(73)] ReadMemory at 0x19d89e953c0 of 132 bytes failed: Only part of a ReadProcessMemory or WriteProcessMemory request was completed. (0x12B)
[0327/182844.576:ERROR:process_memory_win.cc(73)] ReadMemory at 0x19d89e954f0 of 132 bytes failed: Only part of a ReadProcessMemory or WriteProcessMemory request was completed. (0x12B)
[0327/182844.591:ERROR:process_memory_win.cc(73)] ReadMemory at 0x19d89e95620 of 132 bytes failed: Only part of a ReadProcessMemory or WriteProcessMemory request was completed. (0x12B)
[0327/182844.591:ERROR:process_memory_win.cc(73)] ReadMemory at 0x19d89e95750 of 132 bytes failed: Only part of a ReadProcessMemory or WriteProcessMemory request was completed. (0x12B)
[0327/182844.591:ERROR:process_memory_win.cc(73)] ReadMemory at 0x19d89e95880 of 132 bytes failed: Only part of a ReadProcessMemory or WriteProcessMemory request was completed. (0x12B)
[0327/182844.591:ERROR:process_memory_win.cc(73)] ReadMemory at 0x19d89e959b0 of 132 bytes failed: Only part of a ReadProcessMemory or WriteProcessMemory request was completed. (0x12B)
[0327/182844.591:ERROR:process_memory_win.cc(73)] ReadMemory at 0x19d89e95ae0 of 132 bytes failed: Only part of a ReadProcessMemory or WriteProcessMemory request was completed. (0x12B)
[0327/182844.591:ERROR:process_memory_win.cc(73)] ReadMemory at 0x19d89e95c10 of 132 bytes failed: Only part of a ReadProcessMemory or WriteProcessMemory request was completed. (0x12B)
[0327/182844.591:ERROR:process_memory_win.cc(73)] ReadMemory at 0x19d89e95d40 of 132 bytes failed: Only part of a ReadProcessMemory or WriteProcessMemory request was completed. (0x12B)
[0327/182844.591:ERROR:process_memory_win.cc(73)] ReadMemory at 0x19d89e95e70 of 132 bytes failed: Only part of a ReadProcessMemory or WriteProcessMemory request was completed. (0x12B)
[0327/182844.591:ERROR:process_memory_win.cc(73)] ReadMemory at 0x19d89e95fa0 of 132 bytes failed: Only part of a ReadProcessMemory or WriteProcessMemory request was completed. (0x12B)
[0327/182844.591:ERROR:process_memory_win.cc(73)] ReadMemory at 0x19d89e960d0 of 132 bytes failed: Only part of a ReadProcessMemory or WriteProcessMemory request was completed. (0x12B)
[0327/182844.592:ERROR:process_memory_win.cc(73)] ReadMemory at 0x19d89e96200 of 132 bytes failed: Only part of a ReadProcessMemory or WriteProcessMemory request was completed. (0x12B)
[0327/182844.592:ERROR:process_memory_win.cc(73)] ReadMemory at 0x19d89e96330 of 132 bytes failed: Only part of a ReadProcessMemory or WriteProcessMemory request was completed. (0x12B)
[0327/182844.592:ERROR:process_memory_win.cc(73)] ReadMemory at 0x19d89e96460 of 132 bytes failed: Only part of a ReadProcessMemory or WriteProcessMemory request was completed. (0x12B)
[0327/182844.592:ERROR:process_memory_win.cc(73)] ReadMemory at 0x19d89e96590 of 132 bytes failed: Only part of a ReadProcessMemory or WriteProcessMemory request was completed. (0x12B)
[0327/182844.592:ERROR:process_memory_win.cc(73)] ReadMemory at 0x19d89e966c0 of 132 bytes failed: Only part of a ReadProcessMemory or WriteProcessMemory request was completed. (0x12B)
[0327/182844.592:ERROR:process_memory_win.cc(73)] ReadMemory at 0x19d89e967f0 of 132 bytes failed: Only part of a ReadProcessMemory or WriteProcessMemory request was completed. (0x12B)
[0327/182844.592:ERROR:process_memory_win.cc(73)] ReadMemory at 0x19d89e96920 of 132 bytes failed: Only part of a ReadProcessMemory or WriteProcessMemory request was completed. (0x12B)
[0327/182844.592:ERROR:process_memory_win.cc(73)] ReadMemory at 0x19d89e96a50 of 132 bytes failed: Only part of a ReadProcessMemory or WriteProcessMemory request was completed. (0x12B)
[0327/182844.592:ERROR:process_memory_win.cc(73)] ReadMemory at 0x19d89e96b80 of 132 bytes failed: Only part of a ReadProcessMemory or WriteProcessMemory request was completed. (0x12B)
[0327/182844.592:ERROR:process_memory_win.cc(73)] ReadMemory at 0x19d89e989c0 of 72 bytes failed: Only part of a ReadProcessMemory or WriteProcessMemory request was completed. (0x12B)
[0327/182844.592:ERROR:process_memory_win.cc(73)] ReadMemory at 0x19d89e98f10 of 66 bytes failed: Only part of a ReadProcessMemory or WriteProcessMemory request was completed. (0x12B)
[0327/182844.593:ERROR:process_memory_win.cc(73)] ReadMemory at 0x19d89e99230 of 60 bytes failed: Only part of a ReadProcessMemory or WriteProcessMemory request was completed. (0x12B)
[0327/182844.593:ERROR:process_memory_win.cc(73)] ReadMemory at 0x19d89e99280 of 64 bytes failed: Only part of a ReadProcessMemory or WriteProcessMemory request was completed. (0x12B)
[0327/182844.593:ERROR:process_memory_win.cc(73)] ReadMemory at 0x19d89e992d0 of 62 bytes failed: Only part of a ReadProcessMemory or WriteProcessMemory request was completed. (0x12B)
[0327/182844.593:ERROR:process_memory_win.cc(73)] ReadMemory at 0x19d89e99320 of 64 bytes failed: Only part of a ReadProcessMemory or WriteProcessMemory request was completed. (0x12B)
[0327/182844.593:ERROR:process_memory_win.cc(73)] ReadMemory at 0x19d89e995a0 of 64 bytes failed: Only part of a ReadProcessMemory or WriteProcessMemory request was completed. (0x12B)
[0327/182844.593:ERROR:process_memory_win.cc(73)] ReadMemory at 0x19d89e99730 of 60 bytes failed: Only part of a ReadProcessMemory or WriteProcessMemory request was completed. (0x12B)
[0327/182844.593:ERROR:process_memory_win.cc(73)] ReadMemory at 0x19d89e997d0 of 58 bytes failed: Only part of a ReadProcessMemory or WriteProcessMemory request was completed. (0x12B)
[0327/182844.593:ERROR:process_memory_win.cc(73)] ReadMemory at 0x19d89e99820 of 64 bytes failed: Only part of a ReadProcessMemory or WriteProcessMemory request was completed. (0x12B)
[0327/182844.593:ERROR:process_memory_win.cc(73)] ReadMemory at 0x19d89e99c30 of 58 bytes failed: Only part of a ReadProcessMemory or WriteProcessMemory request was completed. (0x12B)
[0327/182844.593:ERROR:process_memory_win.cc(73)] ReadMemory at 0x19d89ea1d20 of 54 bytes failed: Only part of a ReadProcessMemory or WriteProcessMemory request was completed. (0x12B)
[0327/182844.593:ERROR:process_memory_win.cc(73)] ReadMemory at 0x19d89ea79a0 of 56 bytes failed: Only part of a ReadProcessMemory or WriteProcessMemory request was completed. (0x12B)
[0327/182844.593:ERROR:process_memory_win.cc(73)] ReadMemory at 0x19d89ea7e00 of 58 bytes failed: Only part of a ReadProcessMemory or WriteProcessMemory request was completed. (0x12B)
[0327/182844.593:ERROR:process_memory_win.cc(73)] ReadMemory at 0x19d89ea7ef0 of 62 bytes failed: Only part of a ReadProcessMemory or WriteProcessMemory request was completed. (0x12B)
[0327/182844.593:ERROR:process_memory_win.cc(73)] ReadMemory at 0x19d89ea7f40 of 64 bytes failed: Only part of a ReadProcessMemory or WriteProcessMemory request was completed. (0x12B)
[0327/182844.593:ERROR:process_memory_win.cc(73)] ReadMemory at 0x19d89ea7fe0 of 62 bytes failed: Only part of a ReadProcessMemory or WriteProcessMemory request was completed. (0x12B)
[0327/182844.606:ERROR:process_memory_win.cc(73)] ReadMemory at 0x19d89ea80d0 of 60 bytes failed: Only part of a ReadProcessMemory or WriteProcessMemory request was completed. (0x12B)
[0327/182844.606:ERROR:process_memory_win.cc(73)] ReadMemory at 0x19d89ea8210 of 64 bytes failed: Only part of a ReadProcessMemory or WriteProcessMemory request was completed. (0x12B)
[0327/182844.607:ERROR:process_memory_win.cc(73)] ReadMemory at 0x19d89ea8260 of 60 bytes failed: Only part of a ReadProcessMemory or WriteProcessMemory request was completed. (0x12B)
[0327/182844.607:ERROR:process_memory_win.cc(73)] ReadMemory at 0x19d89ea8300 of 64 bytes failed: Only part of a ReadProcessMemory or WriteProcessMemory request was completed. (0x12B)
[0327/182844.607:ERROR:process_memory_win.cc(73)] ReadMemory at 0x19d89ea8350 of 60 bytes failed: Only part of a ReadProcessMemory or WriteProcessMemory request was completed. (0x12B)
[0327/182844.607:ERROR:process_memory_win.cc(73)] ReadMemory at 0x19d89ea8490 of 62 bytes failed: Only part of a ReadProcessMemory or WriteProcessMemory request was completed. (0x12B)
[0327/182844.607:ERROR:process_memory_win.cc(73)] ReadMemory at 0x19d89ea8530 of 60 bytes failed: Only part of a ReadProcessMemory or WriteProcessMemory request was completed. (0x12B)
[0327/182844.607:ERROR:process_memory_win.cc(73)] ReadMemory at 0x19d89ea85d0 of 62 bytes failed: Only part of a ReadProcessMemory or WriteProcessMemory request was completed. (0x12B)
[0327/182844.607:ERROR:process_memory_win.cc(73)] ReadMemory at 0x19d89ea8670 of 64 bytes failed: Only part of a ReadProcessMemory or WriteProcessMemory request was completed. (0x12B)
[0327/182844.607:ERROR:process_memory_win.cc(73)] ReadMemory at 0x19d89ea86c0 of 62 bytes failed: Only part of a ReadProcessMemory or WriteProcessMemory request was completed. (0x12B)
[0327/182844.608:ERROR:process_memory_win.cc(73)] ReadMemory at 0x19d89ea87b0 of 60 bytes failed: Only part of a ReadProcessMemory or WriteProcessMemory request was completed. (0x12B)
[0327/182844.608:ERROR:process_memory_win.cc(73)] ReadMemory at 0x19d89ea8870 of 132 bytes failed: Only part of a ReadProcessMemory or WriteProcessMemory request was completed. (0x12B)
[0327/182844.608:ERROR:process_memory_win.cc(73)] ReadMemory at 0x19d89ea89a0 of 132 bytes failed: Only part of a ReadProcessMemory or WriteProcessMemory request was completed. (0x12B)
[0327/182844.608:ERROR:process_memory_win.cc(73)] ReadMemory at 0x19d89ea8ad0 of 132 bytes failed: Only part of a ReadProcessMemory or WriteProcessMemory request was completed. (0x12B)
[0327/182844.608:ERROR:process_memory_win.cc(73)] ReadMemory at 0x19d89ea8c00 of 132 bytes failed: Only part of a ReadProcessMemory or WriteProcessMemory request was completed. (0x12B)
[0327/182844.608:ERROR:process_memory_win.cc(73)] ReadMemory at 0x19d89ea8d30 of 132 bytes failed: Only part of a ReadProcessMemory or WriteProcessMemory request was completed. (0x12B)
[0327/182844.608:ERROR:process_memory_win.cc(73)] ReadMemory at 0x19d89ea8e60 of 132 bytes failed: Only part of a ReadProcessMemory or WriteProcessMemory request was completed. (0x12B)
[0327/182844.608:ERROR:process_memory_win.cc(73)] ReadMemory at 0x19d89ea8f90 of 132 bytes failed: Only part of a ReadProcessMemory or WriteProcessMemory request was completed. (0x12B)
[0327/182844.645:ERROR:process_memory_win.cc(73)] ReadMemory at 0x19d89ea90c0 of 132 bytes failed: Only part of a ReadProcessMemory or WriteProcessMemory request was completed. (0x12B)
[0327/182844.652:ERROR:process_memory_win.cc(73)] ReadMemory at 0x19d89ea9320 of 132 bytes failed: Only part of a ReadProcessMemory or WriteProcessMemory request was completed. (0x12B)
[0327/182844.652:ERROR:process_memory_win.cc(73)] ReadMemory at 0x19d89ea9450 of 132 bytes failed: Only part of a ReadProcessMemory or WriteProcessMemory request was completed. (0x12B)
[0327/182844.652:ERROR:process_memory_win.cc(73)] ReadMemory at 0x19d89ea96b0 of 132 bytes failed: Only part of a ReadProcessMemory or WriteProcessMemory request was completed. (0x12B)
[0327/182844.652:ERROR:process_memory_win.cc(73)] ReadMemory at 0x19d89ea97e0 of 132 bytes failed: Only part of a ReadProcessMemory or WriteProcessMemory request was completed. (0x12B)
[0327/182844.652:ERROR:process_memory_win.cc(73)] ReadMemory at 0x19d89ea9910 of 132 bytes failed: Only part of a ReadProcessMemory or WriteProcessMemory request was completed. (0x12B)
[0327/182844.652:ERROR:process_memory_win.cc(73)] ReadMemory at 0x19d89ea9a40 of 132 bytes failed: Only part of a ReadProcessMemory or WriteProcessMemory request was completed. (0x12B)
[0327/182844.652:ERROR:process_memory_win.cc(73)] ReadMemory at 0x19d89ea9b70 of 132 bytes failed: Only part of a ReadProcessMemory or WriteProcessMemory request was completed. (0x12B)
[0327/182844.652:ERROR:process_memory_win.cc(73)] ReadMemory at 0x19d89ea9ca0 of 132 bytes failed: Only part of a ReadProcessMemory or WriteProcessMemory request was completed. (0x12B)
[0327/182844.652:ERROR:process_memory_win.cc(73)] ReadMemory at 0x19d89ea9dd0 of 132 bytes failed: Only part of a ReadProcessMemory or WriteProcessMemory request was completed. (0x12B)
[0327/182844.652:ERROR:process_memory_win.cc(73)] ReadMemory at 0x19d89ea9f00 of 132 bytes failed: Only part of a ReadProcessMemory or WriteProcessMemory request was completed. (0x12B)
[0327/182844.652:ERROR:process_memory_win.cc(73)] ReadMemory at 0x19d89eaa030 of 132 bytes failed: Only part of a ReadProcessMemory or WriteProcessMemory request was completed. (0x12B)
[0327/182844.653:ERROR:process_memory_win.cc(73)] ReadMemory at 0x19d89eaa160 of 132 bytes failed: Only part of a ReadProcessMemory or WriteProcessMemory request was completed. (0x12B)
[0327/182844.653:ERROR:process_memory_win.cc(73)] ReadMemory at 0x19d89eaa290 of 132 bytes failed: Only part of a ReadProcessMemory or WriteProcessMemory request was completed. (0x12B)
[0327/182844.653:ERROR:process_memory_win.cc(73)] ReadMemory at 0x19d89eaa3c0 of 132 bytes failed: Only part of a ReadProcessMemory or WriteProcessMemory request was completed. (0x12B)
[0327/182844.653:ERROR:process_memory_win.cc(73)] ReadMemory at 0x19d89eaa4f0 of 132 bytes failed: Only part of a ReadProcessMemory or WriteProcessMemory request was completed. (0x12B)
[0327/182844.653:ERROR:process_memory_win.cc(73)] ReadMemory at 0x19d89eaa620 of 132 bytes failed: Only part of a ReadProcessMemory or WriteProcessMemory request was completed. (0x12B)
[0327/182844.653:ERROR:process_memory_win.cc(73)] ReadMemory at 0x19d89eab280 of 150 bytes failed: Only part of a ReadProcessMemory or WriteProcessMemory request was completed. (0x12B)
[0327/182844.653:ERROR:process_memory_win.cc(73)] ReadMemory at 0x19d89eb4370 of 52 bytes failed: Only part of a ReadProcessMemory or WriteProcessMemory request was completed. (0x12B)
[0327/182844.653:ERROR:process_memory_win.cc(73)] ReadMemory at 0x19d89ebd820 of 76 bytes failed: Only part of a ReadProcessMemory or WriteProcessMemory request was completed. (0x12B)
[0327/182844.653:ERROR:process_memory_win.cc(73)] ReadMemory at 0x19d89eca0c0 of 62 bytes failed: Only part of a ReadProcessMemory or WriteProcessMemory request was completed. (0x12B)
[0327/182844.653:ERROR:process_memory_win.cc(73)] ReadMemory at 0x19d89eca200 of 58 bytes failed: Only part of a ReadProcessMemory or WriteProcessMemory request was completed. (0x12B)
[0327/182844.653:ERROR:process_memory_win.cc(73)] ReadMemory at 0x19d89eca2a0 of 68 bytes failed: Only part of a ReadProcessMemory or WriteProcessMemory request was completed. (0x12B)
[0327/182844.653:ERROR:process_memory_win.cc(73)] ReadMemory at 0x19d89eca340 of 62 bytes failed: Only part of a ReadProcessMemory or WriteProcessMemory request was completed. (0x12B)
[0327/182844.654:ERROR:process_memory_win.cc(73)] ReadMemory at 0x19d89eca660 of 70 bytes failed: Only part of a ReadProcessMemory or WriteProcessMemory request was completed. (0x12B)
[0327/182844.654:ERROR:process_memory_win.cc(73)] ReadMemory at 0x19d89eca840 of 60 bytes failed: Only part of a ReadProcessMemory or WriteProcessMemory request was completed. (0x12B)
[0327/182844.654:ERROR:process_memory_win.cc(73)] ReadMemory at 0x19d89eca980 of 62 bytes failed: Only part of a ReadProcessMemory or WriteProcessMemory request was completed. (0x12B)
[0327/182844.654:ERROR:process_memory_win.cc(73)] ReadMemory at 0x19d89ecf450 of 60 bytes failed: Only part of a ReadProcessMemory or WriteProcessMemory request was completed. (0x12B)
[0327/182844.654:ERROR:process_memory_win.cc(73)] ReadMemory at 0x19d89ecf4a0 of 60 bytes failed: Only part of a ReadProcessMemory or WriteProcessMemory request was completed. (0x12B)
[0327/182844.654:ERROR:process_memory_win.cc(73)] ReadMemory at 0x19d89ecf4f0 of 56 bytes failed: Only part of a ReadProcessMemory or WriteProcessMemory request was completed. (0x12B)
[0327/182844.654:ERROR:process_memory_win.cc(73)] ReadMemory at 0x19d89ecf540 of 60 bytes failed: Only part of a ReadProcessMemory or WriteProcessMemory request was completed. (0x12B)
[0327/182844.654:ERROR:process_memory_win.cc(73)] ReadMemory at 0x19d89ecf630 of 58 bytes failed: Only part of a ReadProcessMemory or WriteProcessMemory request was completed. (0x12B)
[0327/182844.654:ERROR:process_memory_win.cc(73)] ReadMemory at 0x19d89ecfa90 of 58 bytes failed: Only part of a ReadProcessMemory or WriteProcessMemory request was completed. (0x12B)
[0327/182844.654:ERROR:process_memory_win.cc(73)] ReadMemory at 0x19d89ed25c0 of 124 bytes failed: Only part of a ReadProcessMemory or WriteProcessMemory request was completed. (0x12B)
[0327/182844.654:ERROR:process_memory_win.cc(73)] ReadMemory at 0x19d89eddee0 of 144 bytes failed: Only part of a ReadProcessMemory or WriteProcessMemory request was completed. (0x12B)
[0327/182844.654:ERROR:process_memory_win.cc(73)] ReadMemory at 0x19d89ef0c60 of 194 bytes failed: Only part of a ReadProcessMemory or WriteProcessMemory request was completed. (0x12B)
[0327/182844.654:ERROR:process_memory_win.cc(73)] ReadMemory at 0x19d89f144f0 of 64 bytes failed: Only part of a ReadProcessMemory or WriteProcessMemory request was completed. (0x12B)
[0327/182844.654:ERROR:process_memory_win.cc(73)] ReadMemory at 0x19d89f14630 of 68 bytes failed: Only part of a ReadProcessMemory or WriteProcessMemory request was completed. (0x12B)
[0327/182844.655:ERROR:process_memory_win.cc(73)] ReadMemory at 0x19d89f147c0 of 62 bytes failed: Only part of a ReadProcessMemory or WriteProcessMemory request was completed. (0x12B)
[0327/182844.655:ERROR:process_memory_win.cc(73)] ReadMemory at 0x19d89f15580 of 182 bytes failed: Only part of a ReadProcessMemory or WriteProcessMemory request was completed. (0x12B)
[0327/182844.655:ERROR:process_memory_win.cc(73)] ReadMemory at 0x19d89f229f0 of 512 bytes failed: Only part of a ReadProcessMemory or WriteProcessMemory request was completed. (0x12B)
[0327/182844.655:ERROR:process_memory_win.cc(73)] ReadMemory at 0x19d89f718e0 of 132 bytes failed: Only part of a ReadProcessMemory or WriteProcessMemory request was completed. (0x12B)
[0327/182844.655:ERROR:process_memory_win.cc(73)] ReadMemory at 0x19d89f71b40 of 132 bytes failed: Only part of a ReadProcessMemory or WriteProcessMemory request was completed. (0x12B)
[0327/182844.655:ERROR:process_memory_win.cc(73)] ReadMemory at 0x19d89f72390 of 132 bytes failed: Only part of a ReadProcessMemory or WriteProcessMemory request was completed. (0x12B)
[0327/182844.655:ERROR:process_memory_win.cc(73)] ReadMemory at 0x19d89f725f0 of 132 bytes failed: Only part of a ReadProcessMemory or WriteProcessMemory request was completed. (0x12B)
[0327/182844.655:ERROR:process_memory_win.cc(73)] ReadMemory at 0x19d89f72850 of 132 bytes failed: Only part of a ReadProcessMemory or WriteProcessMemory request was completed. (0x12B)
[0327/182844.655:ERROR:process_memory_win.cc(73)] ReadMemory at 0x19d89f72f70 of 132 bytes failed: Only part of a ReadProcessMemory or WriteProcessMemory request was completed. (0x12B)
[0327/182844.659:ERROR:process_memory_win.cc(73)] ReadMemory at 0x19d8c398170 of 528 bytes failed: Only part of a ReadProcessMemory or WriteProcessMemory request was completed. (0x12B)
[0327/182844.660:ERROR:process_memory_win.cc(73)] ReadMemory at 0x19d8c3c0400 of 512 bytes failed: Only part of a ReadProcessMemory or WriteProcessMemory request was completed. (0x12B)
[0327/182844.660:ERROR:process_memory_win.cc(73)] ReadMemory at 0x7ffe6f81970a of 671 bytes failed: Only part of a ReadProcessMemory or WriteProcessMemory request was completed. (0x12B)
[0327/182844.660:ERROR:process_memory_win.cc(73)] ReadMemory at 0x7ffe71f908a0 of 512 bytes failed: Only part of a ReadProcessMemory or WriteProcessMemory request was completed. (0x12B)
[0327/182844.660:ERROR:process_memory_win.cc(73)] ReadMemory at 0x7ffe72975c00 of 512 bytes failed: Only part of a ReadProcessMemory or WriteProcessMemory request was completed. (0x12B)
[0327/182844.660:ERROR:process_memory_win.cc(73)] ReadMemory at 0x7ffeaedf9664 of 512 bytes failed: Only part of a ReadProcessMemory or WriteProcessMemory request was completed. (0x12B)
[0327/182844.660:ERROR:process_memory_win.cc(73)] ReadMemory at 0x7ffeb17184c0 of 512 bytes failed: Only part of a ReadProcessMemory or WriteProcessMemory request was completed. (0x12B)
[0327/182844.660:ERROR:process_memory_win.cc(73)] ReadMemory at 0x7ffeb1720200 of 512 bytes failed: Only part of a ReadProcessMemory or WriteProcessMemory request was completed. (0x12B)
[0327/182844.660:ERROR:process_memory_win.cc(73)] ReadMemory at 0x7ffeb1720b40 of 512 bytes failed: Only part of a ReadProcessMemory or WriteProcessMemory request was completed. (0x12B)
[0327/182844.660:ERROR:process_memory_win.cc(73)] ReadMemory at 0x7ffeb1d00b90 of 512 bytes failed: Only part of a ReadProcessMemory or WriteProcessMemory request was completed. (0x12B)
[0327/182844.660:ERROR:process_memory_win.cc(73)] ReadMemory at 0x7ffeb243c12a of 512 bytes failed: Only part of a ReadProcessMemory or WriteProcessMemory request was completed. (0x12B)
[0327/182844.660:ERROR:process_memory_win.cc(73)] ReadMemory at 0x7ffeb2446270 of 512 bytes failed: Only part of a ReadProcessMemory or WriteProcessMemory request was completed. (0x12B)
[0327/182844.661:ERROR:process_memory_win.cc(73)] ReadMemory at 0x7ffeb24479f0 of 512 bytes failed: Only part of a ReadProcessMemory or WriteProcessMemory request was completed. (0x12B)
[0327/182844.661:ERROR:process_memory_win.cc(73)] ReadMemory at 0x7ffeb24482e0 of 512 bytes failed: Only part of a ReadProcessMemory or WriteProcessMemory request was completed. (0x12B)
[0327/182844.661:ERROR:process_memory_win.cc(73)] ReadMemory at 0x7ffeb244a0d0 of 512 bytes failed: Only part of a ReadProcessMemory or WriteProcessMemory request was completed. (0x12B)
[0327/182844.661:ERROR:process_memory_win.cc(73)] ReadMemory at 0x7ffeb24ba9a4 of 672 bytes failed: Only part of a ReadProcessMemory or WriteProcessMemory request was completed. (0x12B)
[0327/182844.661:ERROR:process_memory_win.cc(73)] ReadMemory at 0x7ffeb24bafa4 of 512 bytes failed: Only part of a ReadProcessMemory or WriteProcessMemory request was completed. (0x12B)
[0327/182844.661:ERROR:process_memory_win.cc(73)] ReadMemory at 0x7ffeb24bb474 of 512 bytes failed: Only part of a ReadProcessMemory or WriteProcessMemory request was completed. (0x12B)
[0327/182844.661:ERROR:process_memory_win.cc(73)] ReadMemory at 0x7ffeb24be214 of 608 bytes failed: Only part of a ReadProcessMemory or WriteProcessMemory request was completed. (0x12B)
[0327/182844.661:ERROR:process_memory_win.cc(73)] ReadMemory at 0x7ffeb2539380 of 512 bytes failed: Only part of a ReadProcessMemory or WriteProcessMemory request was completed. (0x12B)
[0327/182844.662:ERROR:process_memory_win.cc(73)] ReadMemory at 0x7ffeb25401e0 of 18 bytes failed: Only part of a ReadProcessMemory or WriteProcessMemory request was completed. (0x12B)
[0327/182844.662:ERROR:process_memory_win.cc(73)] ReadMemory at 0x7ffeb25765b0 of 40 bytes failed: Only part of a ReadProcessMemory or WriteProcessMemory request was completed. (0x12B)
[0327/182844.662:ERROR:process_memory_win.cc(73)] ReadMemory at 0x7ffeb2576a08 of 48 bytes failed: Only part of a ReadProcessMemory or WriteProcessMemory request was completed. (0x12B)
[0327/182844.662:ERROR:process_memory_win.cc(73)] ReadMemory at 0x7ffeb257c360 of 64 bytes failed: Only part of a ReadProcessMemory or WriteProcessMemory request was completed. (0x12B)
[0327/182844.664:ERROR:file_io_win.cc(161)] CreateFile C:\Users\Welcome\AppData\Local\Temp\scoped_dir10008_28806\Crashpad\settings.dat: The system cannot find the file specified. (0x2)
[0327/182844.664:ERROR:scoped_process_suspend.cc(40)] NtResumeProcess: An attempt was made to access an exiting process. (0xc000010a)
